SF:lib/01_stateless/data/data_source/recipe_data_source_impl.dart
DA:10,1
DA:11,0
DA:16,1
DA:18,2
DA:19,3
DA:21,1
DA:22,1
DA:23,1
DA:24,1
LF:9
LH:8
end_of_record
SF:lib/01_stateless/core/response.dart
DA:6,1
LF:1
LH:1
end_of_record
SF:lib/01_stateless/domain/model/person.dart
DA:6,1
DA:11,0
DA:15,0
DA:16,0
DA:17,0
DA:21,0
DA:23,0
LF:7
LH:1
end_of_record
SF:lib/01_stateless/core/presentation/component/greeting.dart
DA:9,1
DA:16,1
DA:18,1
DA:19,0
DA:20,0
DA:22,1
DA:23,1
DA:24,1
DA:26,2
DA:27,1
DA:29,1
DA:31,3
DA:32,1
LF:13
LH:11
end_of_record
