SF:lib/presentation/component/button/big_button.dart
DA:10,2
DA:16,2
DA:22,2
DA:23,0
DA:24,0
DA:26,2
DA:29,2
DA:31,2
DA:40,2
DA:43,2
DA:44,2
DA:46,2
DA:47,2
DA:53,2
LF:14
LH:12
end_of_record
SF:lib/core/routing/response.dart
DA:6,0
LF:1
LH:0
end_of_record
SF:lib/data/dto/recipes_dto.dart
DA:2,0
DA:6,0
DA:7,0
DA:8,0
DA:9,0
DA:10,0
DA:17,0
DA:18,0
DA:19,0
DA:20,0
DA:27,0
DA:37,0
DA:38,0
DA:39,0
DA:40,0
DA:41,0
DA:42,0
DA:43,0
DA:44,0
DA:55,0
DA:56,0
DA:57,0
DA:58,0
DA:59,0
DA:60,0
DA:61,0
DA:62,0
DA:63,0
LF:28
LH:0
end_of_record
SF:lib/data/data_source/recipe_data_source_impl.dart
DA:16,0
DA:17,0
DA:19,0
DA:21,0
DA:23,0
DA:25,0
DA:26,0
DA:27,0
DA:28,0
LF:9
LH:0
end_of_record
SF:lib/data/mapper/recipe_mapper.dart
DA:6,0
DA:7,0
DA:8,0
DA:9,0
DA:10,0
DA:11,0
DA:12,0
DA:13,0
DA:14,0
LF:9
LH:0
end_of_record
SF:lib/data/repository/recipe_repository_impl.dart
DA:12,0
DA:14,0
DA:17,0
DA:19,0
DA:20,0
DA:21,0
DA:22,0
DA:23,0
DA:24,0
DA:26,0
DA:27,0
DA:28,0
DA:29,0
DA:32,0
LF:14
LH:0
end_of_record
SF:lib/main.dart
DA:4,0
DA:5,0
DA:9,5
DA:11,1
DA:13,1
DA:15,1
DA:16,1
DA:20,1
LF:8
LH:6
end_of_record
SF:lib/presentation/screen/main_screen.dart
DA:17,1
DA:19,1
DA:21,1
DA:22,1
DA:23,1
DA:24,1
DA:27,1
DA:28,1
DA:30,0
DA:32,1
DA:33,1
DA:35,0
DA:37,1
DA:38,1
DA:40,0
DA:42,1
DA:43,1
DA:47,0
DA:48,0
DA:51,1
DA:52,1
DA:53,1
DA:55,0
DA:56,0
DA:59,1
DA:60,1
DA:61,0
DA:62,0
DA:64,1
DA:75,1
DA:76,1
DA:77,1
DA:80,1
DA:81,1
DA:82,1
DA:83,1
DA:86,0
DA:87,0
DA:90,1
DA:91,1
DA:94,0
DA:95,0
LF:42
LH:29
end_of_record
SF:lib/presentation/component/button/filter_button.dart
DA:10,1
DA:17,1
DA:19,1
DA:20,1
DA:21,1
DA:25,1
DA:26,1
DA:27,1
DA:28,1
DA:33,1
DA:36,1
DA:37,1
DA:38,1
DA:39,1
DA:40,1
LF:15
LH:15
end_of_record
SF:lib/presentation/component/button/medium_button.dart
DA:10,2
DA:16,2
DA:22,2
DA:23,0
DA:24,0
DA:26,2
DA:29,2
DA:31,2
DA:40,2
DA:43,2
DA:44,2
DA:46,2
DA:47,2
DA:53,2
LF:14
LH:12
end_of_record
SF:lib/presentation/component/button/rating_button.dart
DA:10,1
DA:17,1
DA:19,1
DA:20,1
DA:21,1
DA:24,1
DA:26,1
DA:27,1
DA:28,1
DA:29,1
DA:34,1
DA:36,1
DA:37,1
DA:38,1
DA:39,1
DA:40,1
DA:45,1
DA:48,1
LF:18
LH:18
end_of_record
SF:lib/presentation/component/button/small_button.dart
DA:10,2
DA:16,2
DA:17,2
DA:23,2
DA:30,2
DA:31,0
DA:32,0
DA:34,0
DA:35,0
DA:36,0
DA:37,0
DA:40,0
DA:41,0
DA:42,0
DA:45,0
DA:46,0
DA:47,0
DA:50,2
DA:53,2
DA:54,2
DA:55,2
DA:58,2
DA:59,2
DA:62,2
DA:63,2
DA:64,2
DA:66,2
DA:67,2
DA:69,4
DA:70,2
DA:71,2
LF:31
LH:19
end_of_record
SF:lib/presentation/component/card/ingredient_item.dart
DA:10,1
DA:15,1
DA:22,1
DA:26,1
DA:28,1
DA:30,1
DA:31,1
DA:32,1
DA:34,1
DA:35,1
DA:39,1
DA:41,2
DA:58,1
DA:59,1
DA:60,2
DA:61,1
DA:67,1
DA:69,1
LF:18
LH:18
end_of_record
SF:lib/presentation/component/card/recipe_card.dart
DA:9,1
DA:11,1
DA:13,1
DA:16,1
DA:17,1
DA:19,1
DA:21,1
DA:22,1
DA:23,1
DA:25,1
DA:26,1
DA:27,1
DA:29,2
DA:41,1
DA:42,1
DA:43,1
DA:44,1
DA:45,1
DA:48,1
DA:50,1
DA:52,1
DA:57,1
DA:58,1
DA:59,1
DA:60,1
DA:63,1
DA:64,1
DA:67,1
DA:68,1
DA:69,1
DA:73,1
DA:75,1
DA:77,1
DA:78,1
DA:79,1
DA:84,1
DA:85,1
DA:87,1
DA:98,1
DA:100,1
DA:101,1
DA:103,1
DA:104,2
DA:105,1
DA:114,1
DA:116,1
DA:117,1
DA:118,2
DA:119,1
DA:125,1
DA:126,1
DA:133,1
DA:134,2
DA:138,1
DA:139,1
DA:140,1
DA:146,1
LF:57
LH:57
end_of_record
SF:lib/presentation/component/inputfield/input_field.dart
DA:12,1
DA:20,1
DA:25,1
DA:27,1
DA:28,1
DA:29,1
DA:30,1
DA:34,1
DA:37,1
DA:39,1
DA:40,1
DA:45,1
DA:46,1
DA:47,1
DA:52,1
DA:53,1
DA:54,1
LF:17
LH:17
end_of_record
SF:lib/presentation/component/tab/tab.dart
DA:11,1
DA:18,1
DA:23,1
DA:26,1
DA:28,1
DA:29,4
DA:30,1
DA:31,0
DA:32,0
DA:34,1
DA:36,1
DA:40,1
DA:41,2
DA:44,1
DA:46,1
DA:47,2
DA:49,1
DA:50,2
LF:18
LH:16
end_of_record
SF:lib/presentation/screen/saved_screen/saved_recipes_screen.dart
DA:12,0
DA:14,0
DA:16,0
DA:17,0
DA:20,0
DA:21,0
DA:22,0
DA:23,0
DA:25,0
DA:26,0
DA:27,0
DA:28,0
DA:29,0
DA:30,0
DA:32,0
DA:43,0
DA:44,0
DA:45,0
DA:46,0
DA:50,0
DA:52,0
DA:53,0
DA:54,0
LF:23
LH:0
end_of_record
SF:lib/presentation/screen/saved_screen/saved_recipes_view_model.dart
DA:10,0
DA:17,0
DA:19,0
DA:20,0
DA:22,0
DA:23,0
DA:24,0
DA:25,0
DA:28,0
LF:9
LH:0
end_of_record
