SF:lib/data/data_source/recipe_data_source/recipe_data_source_impl.dart
DA:310,1
DA:312,1
DA:314,1
DA:315,2
LF:4
LH:4
end_of_record
SF:lib/core/response.dart
DA:6,1
LF:1
LH:1
end_of_record
SF:lib/data/dto/recipes_dto.dart
DA:4,1
DA:8,1
DA:9,1
DA:10,2
DA:11,3
DA:12,3
DA:19,0
DA:20,0
DA:21,0
DA:22,0
LF:10
LH:6
end_of_record
SF:lib/data/dto/ingredient_dto.dart
DA:2,3
DA:8,1
DA:9,2
DA:10,2
DA:11,2
DA:18,0
DA:19,0
DA:20,0
DA:21,0
DA:22,0
LF:10
LH:5
end_of_record
SF:lib/data/dto/ingredients_dto.dart
DA:4,2
DA:9,1
DA:10,2
DA:11,2
DA:13,2
DA:19,0
DA:20,0
DA:21,0
DA:22,0
DA:24,0
LF:10
LH:5
end_of_record
SF:lib/data/dto/recipe_dto.dart
DA:4,2
DA:15,1
DA:16,2
DA:17,2
DA:18,2
DA:19,2
DA:20,2
DA:21,2
DA:22,2
DA:23,1
DA:24,2
DA:25,3
DA:26,3
DA:40,0
DA:41,0
DA:42,0
DA:43,0
DA:44,0
DA:45,0
DA:46,0
DA:47,0
DA:48,0
DA:49,0
DA:50,0
LF:24
LH:13
end_of_record
SF:lib/data/dto/procedure_dto.dart
DA:2,2
DA:8,0
DA:9,0
DA:10,0
DA:11,0
DA:18,0
DA:19,0
DA:20,0
DA:21,0
DA:22,0
LF:10
LH:1
end_of_record
SF:lib/data/mapper/procedure_mapper.dart
DA:5,2
DA:6,2
DA:7,4
DA:8,4
DA:9,2
DA:15,2
DA:16,2
DA:17,2
DA:18,2
DA:19,2
LF:10
LH:10
end_of_record
SF:lib/domain/model/procedure.dart
DA:14,5
LF:1
LH:1
end_of_record
SF:lib/data/mapper/ingredient_mapper.dart
DA:5,3
DA:6,3
DA:7,6
DA:8,3
DA:9,3
DA:15,3
DA:16,3
DA:17,6
DA:18,3
DA:19,3
LF:10
LH:10
end_of_record
SF:lib/domain/model/ingredient.dart
DA:14,11
LF:1
LH:1
end_of_record
SF:lib/data/mapper/ingredients_mapper.dart
DA:6,2
DA:7,2
DA:8,4
DA:9,4
DA:15,2
DA:16,2
DA:17,4
DA:18,2
LF:8
LH:8
end_of_record
SF:lib/domain/model/ingredients.dart
DA:13,10
LF:1
LH:1
end_of_record
SF:lib/data/mapper/recipe_mapper.dart
DA:6,2
DA:7,2
DA:8,2
DA:9,4
DA:10,2
DA:11,2
DA:12,2
DA:13,2
DA:14,4
DA:15,9
DA:21,2
DA:22,2
DA:23,2
DA:24,4
DA:25,2
DA:26,2
DA:27,2
DA:28,2
DA:29,4
DA:30,2
DA:31,4
DA:32,2
LF:22
LH:22
end_of_record
SF:lib/domain/model/recipe.dart
DA:25,23
LF:1
LH:1
end_of_record
SF:lib/data/mapper/recipes_mapper.dart
DA:6,1
DA:7,1
DA:8,6
DA:14,1
DA:15,1
DA:16,5
LF:6
LH:6
end_of_record
SF:lib/domain/model/recipes.dart
DA:11,1
LF:1
LH:1
end_of_record
SF:lib/core/enum/network_error.dart
DA:15,0
DA:16,0
DA:18,0
DA:20,0
DA:22,0
DA:24,0
DA:29,0
LF:7
LH:0
end_of_record
SF:lib/core/enum/rating_type.dart
DA:15,1
DA:17,1
DA:19,1
DA:21,1
DA:23,1
DA:25,1
DA:27,1
DA:34,0
DA:36,0
DA:38,0
DA:40,0
DA:42,0
DA:44,0
DA:46,0
LF:14
LH:7
end_of_record
SF:lib/domain/usecase/get_saved_recipe_find_by_id_use_case.dart
DA:8,3
DA:12,3
DA:13,6
DA:15,3
DA:16,18
DA:17,2
DA:18,4
LF:7
LH:7
end_of_record
SF:lib/domain/usecase/get_saved_recipes_use_case.dart
DA:11,1
DA:17,1
DA:19,2
DA:21,2
DA:22,1
DA:23,1
DA:26,1
DA:27,2
DA:28,1
DA:32,1
DA:34,1
DA:35,1
DA:36,1
DA:38,4
DA:39,1
DA:41,1
DA:42,1
DA:43,2
DA:46,1
LF:19
LH:19
end_of_record
SF:lib/presentation/component/bottom_sheet/search_recipe_filter_bottom_sheet.dart
DA:20,1
DA:22,1
DA:24,1
DA:32,1
DA:34,1
DA:36,1
DA:39,1
DA:40,1
DA:43,1
DA:45,1
DA:47,1
DA:50,1
DA:52,1
DA:53,1
DA:55,1
DA:57,1
DA:60,1
DA:63,1
DA:64,1
DA:65,1
DA:66,1
DA:68,2
DA:69,2
DA:70,0
DA:71,0
DA:72,0
DA:73,0
DA:83,1
DA:86,1
DA:88,1
DA:89,1
DA:91,1
DA:93,1
DA:96,1
DA:99,1
DA:100,1
DA:101,1
DA:102,1
DA:103,1
DA:105,2
DA:106,1
DA:107,1
DA:108,0
DA:109,0
DA:110,0
DA:111,0
DA:112,0
DA:122,1
DA:125,1
DA:127,1
DA:128,1
DA:130,1
DA:132,1
DA:135,1
DA:138,1
DA:139,1
DA:140,1
DA:141,1
DA:143,2
DA:144,1
DA:145,1
DA:146,0
DA:147,0
DA:148,0
DA:149,0
DA:150,0
DA:160,1
DA:163,1
DA:165,1
DA:167,0
DA:168,0
DA:169,0
DA:170,0
DA:171,0
DA:176,1
LF:75
LH:56
end_of_record
SF:lib/presentation/component/button/filter_button.dart
DA:10,2
DA:17,2
DA:19,2
DA:20,1
DA:21,3
DA:23,2
DA:25,2
DA:26,2
DA:27,2
DA:28,2
DA:32,2
DA:33,2
DA:35,2
DA:36,2
DA:37,2
DA:38,0
DA:39,2
LF:17
LH:16
end_of_record
SF:lib/presentation/component/button/rating_button.dart
DA:10,2
DA:17,2
DA:19,2
DA:20,1
DA:21,3
DA:23,2
DA:26,2
DA:27,2
DA:28,2
DA:29,2
DA:30,2
DA:31,2
DA:36,2
DA:39,2
DA:40,2
DA:41,2
DA:42,2
DA:43,1
DA:44,2
DA:46,2
DA:47,2
DA:49,2
LF:22
LH:22
end_of_record
SF:lib/presentation/component/button/small_button.dart
DA:9,3
DA:15,3
DA:16,3
DA:21,3
DA:23,3
DA:24,1
DA:25,2
DA:26,1
DA:29,1
DA:30,2
DA:31,1
DA:34,0
DA:35,0
DA:36,0
DA:39,6
DA:40,3
DA:43,3
DA:44,3
DA:45,3
DA:48,3
DA:49,6
DA:50,3
LF:22
LH:19
end_of_record
SF:lib/ui/text_styles.dart
DA:7,9
DA:10,3
DA:15,6
DA:18,2
DA:23,9
DA:26,3
DA:34,9
DA:37,3
DA:42,9
DA:45,3
DA:53,6
DA:56,2
DA:61,9
DA:64,3
DA:72,0
DA:75,0
DA:78,0
DA:81,6
DA:84,2
DA:87,2
DA:93,3
DA:96,1
DA:99,1
DA:102,6
DA:105,2
DA:108,2
DA:114,9
DA:117,3
DA:120,3
DA:123,9
DA:126,3
DA:129,3
DA:135,3
DA:138,1
DA:141,1
DA:144,6
DA:147,2
DA:150,2
DA:156,3
DA:159,1
DA:162,1
DA:165,6
DA:168,2
DA:171,2
DA:177,12
DA:180,4
DA:183,4
DA:186,6
DA:189,2
DA:192,2
DA:195,6
DA:198,2
DA:201,2
DA:204,12
DA:207,4
DA:210,4
DA:216,6
DA:219,2
DA:222,2
DA:225,6
DA:228,2
DA:231,2
DA:234,6
DA:237,2
DA:240,2
DA:246,6
DA:249,2
DA:252,2
DA:255,6
DA:258,2
DA:261,2
DA:265,6
DA:268,2
DA:271,2
DA:274,6
DA:277,2
DA:280,2
DA:283,6
DA:286,2
DA:289,2
DA:292,6
DA:295,2
DA:298,2
DA:306,6
DA:309,2
DA:312,2
DA:315,6
DA:318,2
DA:321,2
DA:327,3
DA:330,1
DA:333,1
DA:336,3
DA:339,1
DA:342,1
DA:348,3
DA:351,1
DA:354,1
DA:357,3
DA:360,1
DA:363,1
DA:366,6
DA:369,2
DA:372,2
DA:375,6
DA:378,2
DA:381,2
DA:384,6
DA:387,2
DA:390,2
DA:393,6
DA:396,2
DA:399,2
DA:405,3
DA:408,1
DA:411,1
DA:414,3
DA:417,1
DA:420,1
DA:426,3
DA:429,1
DA:432,1
DA:435,3
DA:438,1
DA:441,1
DA:447,0
DA:450,0
DA:453,0
DA:459,3
DA:462,1
DA:464,1
DA:467,3
DA:470,1
DA:472,1
DA:478,9
DA:481,3
DA:484,3
DA:487,9
DA:490,3
DA:493,3
DA:496,3
DA:499,1
DA:502,1
DA:505,3
DA:508,1
DA:511,1
DA:517,3
DA:520,1
DA:523,1
DA:526,3
DA:529,1
DA:532,1
DA:535,3
DA:538,1
DA:541,1
DA:544,3
DA:547,1
DA:550,1
DA:553,3
DA:556,1
DA:559,1
DA:562,3
DA:565,1
DA:568,1
DA:574,9
DA:577,3
DA:580,3
LF:167
LH:161
end_of_record
SF:lib/presentation/component/button/bookmark_button.dart
DA:8,7
DA:14,7
DA:16,7
DA:17,7
DA:18,7
DA:21,7
DA:22,7
DA:25,7
DA:26,7
DA:28,7
LF:10
LH:10
end_of_record
SF:lib/presentation/component/button/category_button.dart
DA:10,3
DA:17,3
DA:19,3
DA:20,3
DA:21,3
DA:22,3
DA:23,3
DA:24,3
DA:28,3
DA:29,3
DA:30,3
DA:31,3
DA:32,3
LF:13
LH:13
end_of_record
SF:lib/presentation/component/button/search_recipe_filter_button.dart
DA:6,3
DA:8,3
DA:10,3
DA:11,3
DA:12,3
DA:15,3
DA:16,3
DA:20,3
LF:8
LH:8
end_of_record
SF:lib/presentation/component/card/dish_card.dart
DA:12,2
DA:19,2
DA:21,2
DA:22,2
DA:23,2
DA:24,2
DA:25,2
DA:29,2
DA:31,2
DA:32,2
DA:37,2
DA:38,2
DA:40,2
DA:41,2
DA:44,2
DA:46,2
DA:47,2
DA:56,2
DA:59,2
DA:61,2
DA:62,4
DA:63,2
DA:68,2
DA:69,2
DA:75,2
DA:78,2
DA:79,2
DA:81,2
DA:82,2
DA:84,2
DA:87,2
DA:90,2
DA:91,4
DA:92,2
DA:97,2
DA:98,2
DA:99,2
DA:100,8
DA:109,2
DA:112,2
DA:117,2
DA:119,2
DA:121,2
DA:125,2
DA:126,2
DA:131,2
DA:134,2
DA:135,2
DA:136,6
DA:137,2
LF:50
LH:50
end_of_record
SF:lib/presentation/component/selector/recipe_category_selector.dart
DA:9,2
DA:16,2
DA:18,2
DA:20,2
DA:22,2
DA:23,2
DA:24,2
DA:25,2
DA:27,4
DA:28,0
DA:29,0
DA:30,0
DA:35,2
DA:36,6
DA:37,10
DA:38,2
DA:39,10
DA:40,10
DA:45,6
LF:19
LH:16
end_of_record
SF:lib/presentation/component/text_field/search_input_field.dart
DA:10,3
DA:17,3
DA:19,3
DA:20,3
DA:22,3
DA:23,3
DA:26,3
DA:27,3
DA:28,3
DA:29,3
DA:30,3
DA:31,3
DA:36,3
DA:37,3
DA:38,3
DA:45,3
DA:46,1
DA:47,2
DA:49,3
DA:55,3
LF:20
LH:20
end_of_record
SF:lib/presentation/home/home_screen.dart
DA:16,1
DA:22,1
DA:24,1
DA:25,1
DA:26,1
DA:27,1
DA:28,1
DA:29,1
DA:32,1
DA:36,1
DA:37,1
DA:38,1
DA:40,1
DA:41,1
DA:43,1
DA:44,1
DA:46,1
DA:49,1
DA:52,1
DA:54,1
DA:59,1
DA:62,1
DA:63,1
DA:66,1
DA:70,1
DA:73,1
DA:74,1
DA:75,1
DA:77,0
DA:78,0
DA:79,0
DA:82,1
DA:85,1
DA:86,1
DA:87,1
DA:91,1
DA:92,1
DA:93,1
DA:94,1
DA:97,1
DA:98,1
DA:100,0
DA:111,1
DA:114,1
DA:115,2
DA:116,2
DA:117,1
DA:118,3
DA:121,1
DA:124,1
DA:126,1
DA:127,1
DA:128,1
DA:129,3
DA:130,7
DA:131,1
DA:132,3
DA:136,0
DA:139,3
LF:59
LH:54
end_of_record
SF:lib/core/enum/popup_menu_type.dart
DA:16,3
DA:18,3
DA:19,3
DA:24,2
DA:25,2
DA:30,2
DA:31,2
DA:36,2
DA:37,2
LF:9
LH:9
end_of_record
SF:lib/domain/usecase/get_procedures_by_recipe_id_use_case.dart
DA:9,2
DA:13,2
DA:15,4
DA:17,2
DA:18,2
DA:20,8
DA:21,2
DA:22,2
DA:23,2
LF:9
LH:9
end_of_record
SF:lib/presentation/ingredient/ingredient_view_model.dart
DA:15,1
DA:20,2
DA:22,1
DA:24,1
DA:26,1
DA:27,2
DA:28,0
DA:33,1
DA:34,1
DA:35,1
DA:37,1
DA:38,4
DA:39,1
DA:41,1
DA:42,4
DA:46,1
DA:49,1
DA:51,2
DA:53,1
DA:54,4
DA:55,1
DA:57,1
DA:58,4
DA:59,1
DA:62,1
DA:65,1
DA:66,4
DA:67,1
LF:28
LH:27
end_of_record
SF:lib/data/dto/procedures_dto.dart
DA:4,1
DA:8,0
DA:9,0
DA:10,0
DA:11,0
DA:12,0
DA:19,0
DA:20,0
DA:21,0
DA:22,0
LF:10
LH:1
end_of_record
SF:lib/data/mapper/procedures_mapper.dart
DA:6,1
DA:7,1
DA:9,5
DA:10,1
DA:16,1
DA:17,1
DA:18,5
LF:7
LH:7
end_of_record
SF:lib/domain/model/procedures.dart
DA:11,1
LF:1
LH:1
end_of_record
SF:lib/domain/usecase/search_recipe_by_keyword_use_case.dart
DA:9,1
DA:13,1
DA:14,1
DA:15,1
DA:17,1
DA:18,2
DA:19,1
DA:20,2
LF:8
LH:8
end_of_record
SF:lib/domain/usecase/get_recipes_category_list_use_case.dart
DA:9,2
DA:13,2
DA:14,4
DA:16,2
DA:17,12
DA:18,1
DA:19,2
LF:7
LH:7
end_of_record
SF:lib/domain/usecase/get_recipes_use_case.dart
DA:9,1
DA:13,1
DA:14,2
LF:3
LH:3
end_of_record
SF:lib/domain/usecase/get_airplane_mode_activate_use_case.dart
DA:7,2
DA:11,2
DA:12,4
DA:14,2
DA:15,4
DA:16,2
DA:17,4
LF:7
LH:7
end_of_record
SF:lib/domain/usecase/get_saved_recipe_ids_use_case.dart
DA:7,2
DA:11,2
DA:13,4
DA:16,2
DA:17,4
DA:18,1
DA:19,2
LF:7
LH:7
end_of_record
SF:lib/domain/usecase/add_saved_recipe_use_case.dart
DA:7,2
DA:10,2
DA:11,2
DA:12,2
LF:4
LH:4
end_of_record
SF:lib/domain/usecase/search_recipe_by_filter_use_case.dart
DA:12,1
DA:16,1
DA:21,1
DA:22,1
DA:24,1
DA:25,2
DA:26,1
DA:27,2
LF:8
LH:8
end_of_record
SF:lib/domain/usecase/get_recent_recipes_use_case.dart
DA:9,1
DA:13,1
DA:14,1
DA:15,1
DA:17,1
DA:18,2
DA:19,1
DA:20,2
LF:8
LH:8
end_of_record
SF:lib/domain/usecase/remove_saved_recipe_use_case.dart
DA:7,3
DA:10,2
DA:11,4
LF:3
LH:3
end_of_record
SF:lib/domain/usecase/get_bookmark_changed_stream_use_case.dart
DA:6,3
DA:10,2
DA:11,4
LF:3
LH:3
end_of_record
SF:lib/domain/usecase/add_recent_recipes_use_case.dart
DA:9,1
DA:13,1
DA:14,2
DA:16,1
DA:17,2
DA:18,1
DA:19,2
LF:7
LH:7
end_of_record
SF:lib/domain/usecase/get_recipes_by_category.dart
DA:9,2
DA:12,2
DA:13,2
DA:14,2
DA:17,2
DA:18,2
DA:19,12
DA:21,1
LF:8
LH:8
end_of_record
SF:lib/presentation/home/home_view_model.dart
DA:28,0
DA:29,0
DA:31,1
DA:48,2
DA:50,1
DA:52,1
DA:53,2
DA:54,0
DA:56,2
DA:58,1
DA:60,1
DA:61,2
DA:62,0
DA:64,2
DA:69,1
DA:70,2
DA:72,1
DA:73,5
DA:74,0
DA:75,0
DA:77,1
DA:80,1
DA:81,1
DA:82,1
DA:84,1
DA:85,4
DA:87,1
DA:89,0
DA:90,0
DA:92,0
DA:95,1
DA:98,1
DA:100,2
DA:103,1
DA:104,4
DA:106,1
DA:108,0
DA:109,0
DA:111,1
DA:114,1
DA:115,1
DA:116,1
DA:118,1
DA:119,5
DA:120,0
DA:121,0
DA:123,1
DA:126,1
DA:127,1
DA:128,1
DA:131,1
DA:132,1
DA:133,0
DA:138,1
DA:139,2
DA:142,0
DA:143,0
LF:57
LH:41
end_of_record
SF:lib/presentation/splash/splash_view_model.dart
DA:12,3
DA:14,1
DA:26,1
DA:27,1
DA:28,1
DA:30,1
DA:31,2
DA:32,2
DA:34,1
DA:35,3
LF:10
LH:10
end_of_record
SF:lib/presentation/component/button/medium_button.dart
DA:9,2
DA:15,2
DA:16,2
DA:22,2
DA:24,2
DA:25,2
DA:26,4
DA:27,2
DA:30,2
DA:31,4
DA:32,2
DA:35,0
DA:36,0
DA:37,0
DA:40,4
DA:41,2
DA:44,2
DA:45,2
DA:46,2
DA:48,2
DA:51,2
DA:52,2
DA:53,4
DA:54,2
DA:57,2
DA:60,2
LF:26
LH:23
end_of_record
SF:lib/presentation/splash/splash_screen.dart
DA:10,1
DA:15,1
DA:17,1
DA:18,1
DA:25,1
DA:26,1
DA:27,1
DA:28,1
DA:29,1
DA:30,1
DA:31,1
DA:41,1
DA:45,1
DA:47,1
DA:48,1
DA:50,1
DA:56,1
DA:59,1
DA:61,1
DA:66,1
DA:70,1
DA:71,1
DA:74,1
DA:75,1
DA:76,1
DA:77,1
DA:79,1
DA:84,1
DA:87,1
DA:89,1
DA:92,1
DA:95,1
DA:97,1
DA:98,3
LF:34
LH:34
end_of_record
SF:lib/presentation/component/card/search_recipe_card.dart
DA:9,2
DA:14,2
DA:16,2
DA:17,2
DA:18,2
DA:19,2
DA:20,2
DA:21,6
DA:23,2
DA:24,2
DA:27,2
DA:30,2
DA:31,2
DA:32,2
DA:36,2
DA:38,2
DA:39,2
DA:42,2
DA:50,2
DA:53,2
DA:58,2
DA:60,2
DA:62,2
DA:66,2
DA:67,2
DA:72,2
DA:75,2
DA:76,2
DA:77,6
DA:78,2
DA:86,2
DA:90,2
DA:92,2
DA:93,2
DA:94,2
DA:95,4
DA:96,2
DA:100,2
DA:101,6
DA:102,2
LF:40
LH:40
end_of_record
SF:lib/presentation/component/title_bar/screen_title_bar.dart
DA:12,4
DA:19,4
DA:21,4
DA:23,4
DA:26,4
DA:27,4
DA:28,2
DA:31,3
DA:32,3
DA:33,3
DA:39,4
DA:40,2
DA:41,3
DA:42,3
DA:43,3
DA:47,4
DA:48,3
DA:51,2
DA:52,2
DA:57,2
DA:58,2
DA:61,2
DA:62,2
DA:63,2
DA:64,2
DA:67,2
DA:68,4
DA:71,2
DA:72,2
DA:75,1
DA:76,2
DA:79,2
DA:80,2
DA:83,0
DA:84,0
DA:87,2
DA:88,2
DA:91,0
DA:92,0
LF:39
LH:35
end_of_record
SF:lib/presentation/search_recipe/search_recipes_screen.dart
DA:16,1
DA:22,1
DA:24,1
DA:26,1
DA:27,1
DA:28,1
DA:29,1
DA:30,1
DA:31,1
DA:35,1
DA:37,0
DA:38,0
DA:42,1
DA:43,1
DA:44,1
DA:46,1
DA:47,3
DA:50,1
DA:53,1
DA:54,1
DA:55,3
DA:60,1
DA:61,1
DA:62,1
DA:64,1
DA:65,1
DA:66,3
DA:67,2
DA:71,1
DA:73,1
DA:74,1
DA:75,3
DA:77,4
DA:78,1
DA:83,1
DA:84,1
DA:85,1
DA:92,3
DA:93,2
DA:94,0
DA:95,3
DA:96,3
DA:97,1
DA:98,2
DA:99,2
DA:100,2
DA:102,2
DA:103,1
DA:104,1
DA:106,0
DA:107,1
DA:108,1
LF:52
LH:48
end_of_record
SF:lib/presentation/component/popup_menu/custom_popup_menu_item.dart
DA:8,3
DA:10,3
DA:12,3
DA:14,3
DA:16,3
DA:17,6
DA:18,3
DA:21,3
DA:22,6
DA:23,3
LF:10
LH:10
end_of_record
SF:lib/presentation/component/card/ingredient_card.dart
DA:10,2
DA:17,2
DA:19,2
DA:20,2
DA:22,2
DA:24,2
DA:26,2
DA:27,2
DA:28,2
DA:30,2
DA:32,2
DA:34,2
DA:35,2
DA:40,2
DA:43,2
DA:44,2
DA:45,2
DA:48,2
DA:49,2
DA:50,4
DA:51,2
LF:21
LH:21
end_of_record
SF:lib/presentation/search_recipe/search_recipes_view_model.dart
DA:29,3
DA:31,1
DA:40,2
DA:42,1
DA:44,2
DA:45,2
DA:46,1
DA:49,1
DA:51,1
DA:52,1
DA:53,0
DA:55,2
DA:56,1
DA:57,1
DA:59,4
DA:60,1
DA:61,1
DA:65,1
DA:67,1
DA:68,1
DA:69,1
DA:70,1
DA:71,1
DA:76,1
DA:77,4
DA:78,1
DA:80,2
DA:82,1
DA:83,4
DA:84,1
DA:87,1
DA:88,5
DA:91,4
DA:92,1
DA:95,1
DA:101,4
DA:106,1
DA:108,2
DA:109,2
DA:115,1
DA:116,1
DA:117,1
DA:118,4
DA:119,1
DA:121,3
DA:123,4
DA:124,1
DA:126,3
DA:128,1
DA:129,4
DA:130,1
DA:132,2
DA:133,2
DA:137,4
DA:138,1
DA:141,1
DA:142,4
DA:143,1
DA:144,4
DA:146,1
DA:149,4
DA:150,1
LF:62
LH:61
end_of_record
SF:lib/presentation/component/card/recipe_card.dart
DA:13,2
DA:21,2
DA:23,2
DA:24,2
DA:25,8
DA:27,2
DA:28,2
DA:31,2
DA:32,2
DA:33,6
DA:35,2
DA:36,2
DA:39,2
DA:42,2
DA:43,2
DA:44,2
DA:48,2
DA:50,2
DA:51,2
DA:54,2
DA:62,2
DA:65,2
DA:70,2
DA:72,2
DA:74,2
DA:78,2
DA:79,2
DA:84,2
DA:87,2
DA:88,2
DA:89,6
DA:90,2
DA:98,2
DA:101,2
DA:103,2
DA:104,2
DA:106,2
DA:107,4
DA:108,2
DA:112,2
DA:113,6
DA:114,2
DA:120,2
DA:123,2
DA:124,2
DA:125,2
DA:127,2
DA:128,2
DA:133,2
DA:136,2
DA:137,4
DA:138,2
DA:142,2
DA:145,2
DA:146,2
DA:147,2
LF:56
LH:56
end_of_record
SF:lib/presentation/component/card/recipe_thumbnail_card.dart
DA:12,2
DA:19,2
DA:21,2
DA:22,2
DA:23,2
DA:24,2
DA:25,2
DA:26,6
DA:28,2
DA:29,2
DA:32,2
DA:35,2
DA:36,2
DA:37,2
DA:41,2
DA:43,2
DA:44,2
DA:47,2
DA:55,2
DA:58,2
DA:63,2
DA:65,2
DA:67,2
DA:71,2
DA:72,2
DA:77,2
DA:80,2
DA:81,2
DA:82,6
DA:83,2
DA:91,2
DA:94,2
DA:95,2
DA:96,2
DA:98,2
DA:99,2
DA:104,2
DA:107,2
DA:108,4
DA:109,2
DA:113,2
DA:116,2
DA:117,2
DA:118,2
LF:44
LH:44
end_of_record
SF:lib/presentation/component/card/step_card.dart
DA:9,2
DA:15,2
DA:17,2
DA:18,2
DA:20,2
DA:22,2
DA:24,2
DA:26,2
DA:27,2
DA:28,2
DA:29,2
DA:32,2
DA:35,2
DA:36,2
DA:37,2
LF:15
LH:15
end_of_record
SF:lib/presentation/component/tab/tabs.dart
DA:10,2
DA:17,2
DA:19,2
DA:22,2
DA:23,2
DA:24,2
DA:26,2
DA:27,8
DA:28,2
DA:29,4
DA:30,4
DA:31,1
DA:32,2
LF:13
LH:13
end_of_record
SF:lib/presentation/component/button/label_button.dart
DA:10,3
DA:17,3
DA:19,3
DA:20,3
DA:21,3
DA:24,3
DA:25,3
DA:26,3
DA:28,3
DA:30,3
DA:31,3
DA:32,3
DA:33,3
DA:34,2
DA:35,3
LF:15
LH:15
end_of_record
SF:lib/presentation/component/button/main_bottom_nav_item.dart
DA:11,1
DA:20,1
DA:22,1
DA:23,1
DA:24,3
DA:26,1
DA:27,1
DA:28,3
LF:8
LH:8
end_of_record
SF:lib/presentation/component/tab/main_bottom_nav_bar.dart
DA:10,1
DA:16,1
DA:23,2
DA:25,1
DA:27,1
DA:29,1
DA:31,1
DA:35,1
DA:36,1
DA:37,1
DA:42,1
DA:44,1
DA:45,0
DA:47,0
DA:61,1
DA:62,2
DA:65,1
DA:67,1
DA:68,1
DA:72,1
DA:73,1
DA:75,1
DA:79,1
DA:80,1
DA:82,2
DA:83,1
DA:87,1
DA:88,1
DA:90,1
DA:94,1
DA:95,1
LF:31
LH:29
end_of_record
SF:lib/ui/custom_bottom_nav_bar_painter.dart
DA:5,1
DA:8,1
DA:9,1
DA:10,4
DA:11,7
DA:12,1
DA:13,4
DA:17,7
DA:18,2
DA:21,1
DA:22,2
DA:23,1
DA:24,1
DA:25,1
DA:28,1
DA:31,1
DA:32,1
DA:33,4
DA:34,7
DA:35,1
DA:36,4
DA:40,7
DA:41,2
DA:42,3
DA:43,2
DA:44,1
DA:47,1
DA:48,1
DA:49,1
DA:50,1
DA:53,0
LF:31
LH:30
end_of_record
SF:lib/presentation/component/button/network_error_dialog_button.dart
DA:9,2
DA:15,2
DA:17,2
DA:18,2
DA:19,4
DA:21,2
DA:22,2
DA:24,2
DA:27,2
DA:28,2
DA:29,2
LF:11
LH:11
end_of_record
SF:lib/presentation/component/dialog/network_error_dialog.dart
DA:12,1
DA:19,1
DA:21,1
DA:23,2
DA:26,1
DA:27,1
DA:28,1
DA:32,1
DA:33,2
DA:39,1
DA:40,1
DA:41,1
DA:43,1
DA:44,2
LF:14
LH:14
end_of_record
SF:lib/presentation/component/button/rating_dialog_button.dart
DA:10,2
DA:17,2
DA:19,2
DA:20,2
DA:21,4
DA:23,2
DA:24,2
DA:25,2
DA:26,2
DA:29,2
DA:30,2
DA:31,2
LF:12
LH:12
end_of_record
SF:lib/presentation/component/dialog/rating_dialog.dart
DA:13,1
DA:21,1
DA:22,1
DA:28,1
DA:30,1
DA:31,3
DA:34,1
DA:35,4
DA:36,1
DA:37,1
DA:39,1
DA:41,1
DA:44,2
DA:47,1
DA:48,2
DA:49,1
DA:53,1
DA:57,1
DA:58,1
DA:65,1
DA:66,1
DA:67,2
DA:68,1
DA:71,1
DA:78,1
DA:79,1
DA:80,1
DA:82,3
DA:83,1
DA:84,2
DA:85,4
LF:31
LH:31
end_of_record
SF:lib/presentation/component/text_field/input_field.dart
DA:11,3
DA:19,3
DA:21,3
DA:23,3
DA:24,3
DA:26,3
DA:27,3
DA:28,3
DA:32,3
DA:33,3
DA:35,3
DA:36,1
DA:37,2
DA:39,3
DA:40,3
DA:41,3
DA:42,3
DA:43,3
DA:44,3
DA:45,3
DA:50,3
DA:51,3
DA:52,3
LF:23
LH:23
end_of_record
SF:lib/presentation/component/button/big_button.dart
DA:9,3
DA:15,3
DA:16,3
DA:22,3
DA:24,3
DA:25,1
DA:26,2
DA:27,1
DA:30,1
DA:31,2
DA:32,1
DA:35,0
DA:36,0
DA:37,0
DA:40,6
DA:41,3
DA:44,3
DA:45,3
DA:46,3
DA:48,3
DA:51,3
DA:52,3
DA:54,3
DA:55,6
DA:56,3
DA:61,3
DA:64,3
LF:27
LH:24
end_of_record
SF:lib/presentation/component/button/sns_login_button.dart
DA:7,3
DA:12,3
DA:14,3
DA:17,3
DA:19,3
DA:20,3
DA:21,3
DA:22,6
DA:29,3
DA:30,3
LF:10
LH:10
end_of_record
SF:lib/presentation/saved_recipe/saved_recipe_view_model.dart
DA:15,1
DA:16,2
DA:18,1
DA:25,2
DA:27,1
DA:29,1
DA:31,1
DA:32,2
DA:36,1
DA:37,1
DA:38,1
DA:40,1
DA:41,4
DA:42,1
DA:44,1
DA:45,5
DA:47,1
DA:50,1
DA:51,2
DA:55,1
DA:56,1
DA:57,4
DA:58,2
DA:59,1
DA:60,1
DA:62,1
DA:63,0
LF:27
LH:26
end_of_record
SF:lib/presentation/saved_recipe/saved_recipe_screen.dart
DA:11,1
DA:17,1
DA:19,1
DA:20,1
DA:22,1
DA:25,1
DA:26,1
DA:29,1
DA:30,1
DA:31,3
DA:36,1
DA:37,1
DA:38,3
DA:40,1
DA:41,2
DA:42,1
DA:47,1
DA:48,4
DA:49,2
DA:50,1
DA:55,0
LF:21
LH:20
end_of_record
SF:lib/presentation/sigin/sign_in_screen.dart
DA:12,1
DA:18,1
DA:20,1
DA:21,1
DA:22,1
DA:24,1
DA:26,1
DA:27,1
DA:30,1
DA:32,1
DA:35,1
DA:37,1
DA:40,1
DA:41,1
DA:45,0
DA:47,1
DA:50,1
DA:54,0
DA:56,1
DA:59,1
DA:61,1
DA:62,0
DA:63,1
DA:65,1
DA:69,1
DA:72,1
DA:74,1
DA:76,1
DA:79,1
DA:81,1
DA:82,1
DA:87,1
DA:90,1
DA:92,1
DA:96,1
DA:99,1
DA:106,1
DA:109,1
DA:111,1
DA:112,1
DA:115,1
DA:118,1
DA:123,1
DA:124,1
DA:126,1
DA:127,1
DA:128,1
DA:129,1
DA:131,1
DA:132,1
DA:133,1
DA:135,1
DA:142,1
LF:53
LH:50
end_of_record
SF:lib/presentation/sigin/sign_up_screen.dart
DA:12,1
DA:18,1
DA:20,1
DA:21,1
DA:22,1
DA:24,1
DA:26,1
DA:27,1
DA:30,1
DA:32,1
DA:35,1
DA:38,1
DA:40,1
DA:43,1
DA:44,1
DA:48,0
DA:50,1
DA:51,1
DA:55,0
DA:57,1
DA:58,1
DA:62,0
DA:64,1
DA:65,1
DA:69,0
DA:71,1
DA:72,1
DA:74,1
DA:75,0
DA:76,1
DA:77,1
DA:78,1
DA:81,1
DA:82,1
DA:88,1
DA:89,1
DA:92,0
DA:95,1
DA:98,1
DA:100,1
DA:106,1
DA:107,1
DA:109,1
DA:111,1
DA:114,1
DA:116,1
DA:117,1
DA:122,1
DA:125,1
DA:127,1
DA:131,1
DA:134,1
DA:141,1
DA:142,1
DA:144,1
DA:145,1
DA:148,1
DA:151,1
DA:156,1
DA:157,1
DA:159,1
DA:160,1
DA:161,1
DA:162,1
DA:164,1
DA:165,1
DA:166,1
DA:168,1
LF:68
LH:62
end_of_record
SF:lib/core/enum/label_type.dart
DA:11,1
DA:12,4
LF:2
LH:2
end_of_record
SF:lib/presentation/ingredient/ingredient_screen.dart
DA:19,1
DA:25,1
DA:28,2
DA:29,1
DA:30,1
DA:31,1
DA:32,1
DA:33,1
DA:34,1
DA:37,1
DA:38,1
DA:39,2
DA:40,1
DA:43,1
DA:44,3
DA:48,3
DA:49,1
DA:50,1
DA:51,1
DA:52,1
DA:55,0
DA:59,1
DA:62,1
DA:66,1
DA:68,1
DA:69,1
DA:71,1
DA:72,1
DA:73,1
DA:78,1
DA:79,1
DA:82,1
DA:88,1
DA:89,1
DA:90,1
DA:93,1
DA:96,1
DA:98,0
DA:99,0
DA:103,1
DA:106,1
DA:107,1
DA:108,1
DA:111,1
DA:114,1
DA:117,1
DA:118,1
DA:119,1
DA:124,1
DA:127,1
DA:134,1
DA:135,1
DA:137,0
DA:141,1
DA:144,1
DA:145,1
DA:146,2
DA:147,0
DA:148,0
DA:149,0
DA:155,1
DA:158,1
DA:159,1
DA:160,1
DA:161,1
DA:162,1
DA:166,1
DA:171,1
DA:174,1
DA:176,1
DA:181,1
DA:182,3
DA:183,1
DA:184,3
DA:186,1
DA:189,1
DA:190,4
DA:192,1
DA:197,1
DA:200,1
DA:201,1
DA:203,3
DA:204,2
DA:205,1
DA:206,1
DA:207,1
DA:208,1
DA:209,3
DA:210,1
DA:212,2
DA:213,1
DA:214,1
DA:216,2
DA:217,1
DA:218,1
DA:220,2
DA:221,1
DA:223,1
DA:225,5
DA:226,1
DA:227,2
DA:228,1
DA:231,1
DA:232,1
LF:104
LH:97
end_of_record
